[2020-03-08 10:14:19,135] multiqc                                            [DEBUG  ]  No MultiQC config found: /local/cluster/lib/python2.7/site-packages/multiqc_config.yaml
[2020-03-08 10:14:19,135] multiqc                                            [DEBUG  ]  No MultiQC config found: /home/micro/gaulkec/.multiqc_config.yaml
[2020-03-08 10:14:19,135] multiqc                                            [DEBUG  ]  No MultiQC config found: multiqc_config.yaml
[2020-03-08 10:14:19,135] multiqc                                            [DEBUG  ]  Command used: /local/cluster/bin/multiqc input/ -o output/R1 -f --ignore-samples *_R2_*
[2020-03-08 10:14:19,981] multiqc                                            [WARNING]  MultiQC Version v1.8 now available!
[2020-03-08 10:14:19,982] multiqc                                            [INFO   ]  This is MultiQC v1.7.dev0
[2020-03-08 10:14:19,982] multiqc                                            [DEBUG  ]  Command     : /local/cluster/bin/multiqc input/ -o output/R1 -f --ignore-samples *_R2_*
[2020-03-08 10:14:19,982] multiqc                                            [DEBUG  ]  Working dir : /ssd/gaulkec_temp_ht_meta/data/raw_multiqc
[2020-03-08 10:14:19,983] multiqc                                            [INFO   ]  Template    : default
[2020-03-08 10:14:19,983] multiqc                                            [DEBUG  ]  Ignoring sample names that match: *_R2_*
[2020-03-08 10:14:19,983] multiqc                                            [INFO   ]  Searching 'input/'
[2020-03-08 10:14:19,984] multiqc                                            [DEBUG  ]  Analysing modules: custom_content, conpair, peddy, methylQA, phantompeakqualtools, qualimap, preseq, quast, qorts, rna_seqc, rsem, rseqc, busco, goleft_indexcov, disambiguate, supernova, deeptools, sargasso, verifybamid, mirtrace, happy, homer, macs2, theta2, snpeff, gatk, htseq, bcftools, featureCounts, dedup, picard, prokka, samblaster, samtools, bamtools, jellyfish, vcftools, longranger, bbmap, bismark, biscuit, hicexplorer, hicup, hicpro, salmon, kallisto, slamdunk, star, hisat2, tophat, bowtie2, bowtie1, kat, leehom, adapterRemoval, clipandmerge, cutadapt, flexbar, trimmomatic, skewer, sortmerna, biobloomtools, fastq_screen, afterqc, fastp, fastqc, clusterflow, bcl2fastq, interop
[2020-03-08 10:14:19,985] multiqc                                            [DEBUG  ]  Using temporary directory for creating report: /data/tmp2OGcVP
[2020-03-08 10:14:21,189] multiqc                                            [DEBUG  ]  No samples found: custom_content
[2020-03-08 10:14:21,197] multiqc                                            [DEBUG  ]  No samples found: conpair
[2020-03-08 10:14:21,206] multiqc                                            [DEBUG  ]  No samples found: peddy
[2020-03-08 10:14:21,214] multiqc                                            [DEBUG  ]  No samples found: methylQA
[2020-03-08 10:14:21,222] multiqc                                            [DEBUG  ]  No samples found: phantompeakqualtools
[2020-03-08 10:14:21,232] multiqc                                            [DEBUG  ]  No samples found: qualimap
[2020-03-08 10:14:21,241] multiqc                                            [DEBUG  ]  No samples found: preseq
[2020-03-08 10:14:21,249] multiqc                                            [DEBUG  ]  No samples found: quast
[2020-03-08 10:14:21,257] multiqc                                            [DEBUG  ]  No samples found: qorts
[2020-03-08 10:14:21,266] multiqc                                            [DEBUG  ]  No samples found: rna_seqc
[2020-03-08 10:14:21,274] multiqc                                            [DEBUG  ]  No samples found: rsem
[2020-03-08 10:14:21,290] multiqc                                            [DEBUG  ]  No samples found: rseqc
[2020-03-08 10:14:21,299] multiqc                                            [DEBUG  ]  No samples found: busco
[2020-03-08 10:14:21,307] multiqc                                            [DEBUG  ]  No samples found: goleft_indexcov
[2020-03-08 10:14:21,315] multiqc                                            [DEBUG  ]  No samples found: disambiguate
[2020-03-08 10:14:21,324] multiqc                                            [DEBUG  ]  No samples found: supernova
[2020-03-08 10:14:21,337] multiqc                                            [DEBUG  ]  No samples found: deeptools
[2020-03-08 10:14:21,345] multiqc                                            [DEBUG  ]  No samples found: sargasso
[2020-03-08 10:14:21,354] multiqc                                            [DEBUG  ]  No samples found: verifybamid
[2020-03-08 10:14:21,362] multiqc                                            [DEBUG  ]  No samples found: mirtrace
[2020-03-08 10:14:21,370] multiqc                                            [DEBUG  ]  No samples found: happy
[2020-03-08 10:14:21,380] multiqc                                            [DEBUG  ]  No samples found: homer
[2020-03-08 10:14:21,389] multiqc                                            [DEBUG  ]  No samples found: macs2
[2020-03-08 10:14:21,397] multiqc                                            [DEBUG  ]  No samples found: theta2
[2020-03-08 10:14:21,405] multiqc                                            [DEBUG  ]  No samples found: snpeff
[2020-03-08 10:14:21,415] multiqc                                            [DEBUG  ]  No samples found: gatk
[2020-03-08 10:14:21,424] multiqc                                            [DEBUG  ]  No samples found: htseq
[2020-03-08 10:14:21,433] multiqc                                            [DEBUG  ]  No samples found: bcftools
[2020-03-08 10:14:21,441] multiqc                                            [DEBUG  ]  No samples found: featureCounts
[2020-03-08 10:14:21,449] multiqc                                            [DEBUG  ]  No samples found: dedup
[2020-03-08 10:14:21,468] multiqc                                            [DEBUG  ]  No samples found: picard
[2020-03-08 10:14:21,477] multiqc                                            [DEBUG  ]  No samples found: prokka
[2020-03-08 10:14:21,485] multiqc                                            [DEBUG  ]  No samples found: samblaster
[2020-03-08 10:14:21,497] multiqc                                            [DEBUG  ]  No samples found: samtools
[2020-03-08 10:14:21,506] multiqc                                            [DEBUG  ]  No samples found: bamtools
[2020-03-08 10:14:21,514] multiqc                                            [DEBUG  ]  No samples found: jellyfish
[2020-03-08 10:14:21,526] multiqc                                            [DEBUG  ]  No samples found: vcftools
[2020-03-08 10:14:21,534] multiqc                                            [DEBUG  ]  No samples found: longranger
[2020-03-08 10:14:21,553] multiqc                                            [DEBUG  ]  No samples found: bbmap
[2020-03-08 10:14:21,562] multiqc                                            [DEBUG  ]  No samples found: bismark
[2020-03-08 10:14:21,570] multiqc                                            [DEBUG  ]  No samples found: biscuit
[2020-03-08 10:14:21,578] multiqc                                            [DEBUG  ]  No samples found: hicexplorer
[2020-03-08 10:14:21,586] multiqc                                            [DEBUG  ]  No samples found: hicup
[2020-03-08 10:14:21,594] multiqc                                            [DEBUG  ]  No samples found: hicpro
[2020-03-08 10:14:21,603] multiqc                                            [DEBUG  ]  No samples found: salmon
[2020-03-08 10:14:21,611] multiqc                                            [DEBUG  ]  No samples found: kallisto
[2020-03-08 10:14:21,619] multiqc                                            [DEBUG  ]  No samples found: slamdunk
[2020-03-08 10:14:21,627] multiqc                                            [DEBUG  ]  No samples found: star
[2020-03-08 10:14:21,635] multiqc                                            [DEBUG  ]  No samples found: hisat2
[2020-03-08 10:14:21,643] multiqc                                            [DEBUG  ]  No samples found: tophat
[2020-03-08 10:14:21,651] multiqc                                            [DEBUG  ]  No samples found: bowtie2
[2020-03-08 10:14:21,659] multiqc                                            [DEBUG  ]  No samples found: bowtie1
[2020-03-08 10:14:21,667] multiqc                                            [DEBUG  ]  No samples found: kat
[2020-03-08 10:14:21,675] multiqc                                            [DEBUG  ]  No samples found: leehom
[2020-03-08 10:14:21,683] multiqc                                            [DEBUG  ]  No samples found: adapterRemoval
[2020-03-08 10:14:21,691] multiqc                                            [DEBUG  ]  No samples found: clipandmerge
[2020-03-08 10:14:21,699] multiqc                                            [DEBUG  ]  No samples found: cutadapt
[2020-03-08 10:14:21,707] multiqc                                            [DEBUG  ]  No samples found: flexbar
[2020-03-08 10:14:21,716] multiqc                                            [DEBUG  ]  No samples found: trimmomatic
[2020-03-08 10:14:21,724] multiqc                                            [DEBUG  ]  No samples found: skewer
[2020-03-08 10:14:21,732] multiqc                                            [DEBUG  ]  No samples found: sortmerna
[2020-03-08 10:14:21,740] multiqc                                            [DEBUG  ]  No samples found: biobloomtools
[2020-03-08 10:14:21,748] multiqc                                            [DEBUG  ]  No samples found: fastq_screen
[2020-03-08 10:14:21,756] multiqc                                            [DEBUG  ]  No samples found: afterqc
[2020-03-08 10:14:21,764] multiqc                                            [DEBUG  ]  No samples found: fastp
[2020-03-08 10:15:23,593] multiqc.modules.fastqc.fastqc                      [INFO   ]  Found 200 reports
[2020-03-08 10:16:05,111] multiqc                                            [DEBUG  ]  No samples found: clusterflow
[2020-03-08 10:16:05,120] multiqc                                            [DEBUG  ]  No samples found: bcl2fastq
[2020-03-08 10:16:05,128] multiqc                                            [DEBUG  ]  No samples found: interop
[2020-03-08 10:16:05,616] multiqc                                            [INFO   ]  Compressing plot data
[2020-03-08 10:16:05,826] multiqc                                            [WARNING]  Deleting    : output/R1/multiqc_report.html   (-f was specified)
[2020-03-08 10:16:05,829] multiqc                                            [WARNING]  Deleting    : output/R1/multiqc_data   (-f was specified)
[2020-03-08 10:16:05,831] multiqc                                            [INFO   ]  Report      : output/R1/multiqc_report.html
[2020-03-08 10:16:05,831] multiqc                                            [INFO   ]  Data        : output/R1/multiqc_data
[2020-03-08 10:16:05,831] multiqc                                            [DEBUG  ]  Moving data file from '/data/tmp2OGcVP/multiqc_data/multiqc_fastqc.txt' to 'output/R1/multiqc_data'
[2020-03-08 10:16:05,832] multiqc                                            [DEBUG  ]  Moving data file from '/data/tmp2OGcVP/multiqc_data/mqc_fastqc_adapter_content_plot_1.txt' to 'output/R1/multiqc_data'
[2020-03-08 10:16:05,832] multiqc                                            [DEBUG  ]  Moving data file from '/data/tmp2OGcVP/multiqc_data/mqc_fastqc_per_base_sequence_quality_plot_1.txt' to 'output/R1/multiqc_data'
[2020-03-08 10:16:05,833] multiqc                                            [DEBUG  ]  Moving data file from '/data/tmp2OGcVP/multiqc_data/multiqc_general_stats.txt' to 'output/R1/multiqc_data'
[2020-03-08 10:16:05,833] multiqc                                            [DEBUG  ]  Moving data file from '/data/tmp2OGcVP/multiqc_data/multiqc_data.json' to 'output/R1/multiqc_data'
[2020-03-08 10:16:05,835] multiqc                                            [DEBUG  ]  Moving data file from '/data/tmp2OGcVP/multiqc_data/mqc_fastqc_sequence_duplication_levels_plot_1.txt' to 'output/R1/multiqc_data'
[2020-03-08 10:16:05,836] multiqc                                            [DEBUG  ]  Moving data file from '/data/tmp2OGcVP/multiqc_data/multiqc_sources.txt' to 'output/R1/multiqc_data'
[2020-03-08 10:16:05,836] multiqc                                            [DEBUG  ]  Moving data file from '/data/tmp2OGcVP/multiqc_data/mqc_fastqc_per_sequence_quality_scores_plot_1.txt' to 'output/R1/multiqc_data'
[2020-03-08 10:16:05,837] multiqc                                            [DEBUG  ]  Moving data file from '/data/tmp2OGcVP/multiqc_data/mqc_fastqc_per_sequence_gc_content_plot_Percentages.txt' to 'output/R1/multiqc_data'
[2020-03-08 10:16:05,838] multiqc                                            [DEBUG  ]  Moving data file from '/data/tmp2OGcVP/multiqc_data/mqc_fastqc_per_base_n_content_plot_1.txt' to 'output/R1/multiqc_data'
[2020-03-08 10:16:05,838] multiqc                                            [DEBUG  ]  Moving data file from '/data/tmp2OGcVP/multiqc_data/mqc_fastqc_per_sequence_gc_content_plot_Counts.txt' to 'output/R1/multiqc_data'
[2020-03-08 10:16:05,839] multiqc                                            [DEBUG  ]  Moving data file from '/data/tmp2OGcVP/multiqc_data/mqc_fastqc_sequence_counts_plot_1.txt' to 'output/R1/multiqc_data'
[2020-03-08 10:16:05,839] multiqc                                            [DEBUG  ]  Moving data file from '/data/tmp2OGcVP/multiqc_data/mqc_fastqc_overrepresented_sequencesi_plot_1.txt' to 'output/R1/multiqc_data'
[2020-03-08 10:16:06,205] multiqc                                            [INFO   ]  MultiQC complete
