[2020-03-08 10:21:37,693] multiqc                                            [DEBUG  ]  No MultiQC config found: /local/cluster/lib/python2.7/site-packages/multiqc_config.yaml
[2020-03-08 10:21:37,693] multiqc                                            [DEBUG  ]  No MultiQC config found: /home/micro/gaulkec/.multiqc_config.yaml
[2020-03-08 10:21:37,693] multiqc                                            [DEBUG  ]  No MultiQC config found: multiqc_config.yaml
[2020-03-08 10:21:37,693] multiqc                                            [DEBUG  ]  Command used: /local/cluster/bin/multiqc input/ -o output/R2 -f --ignore-samples *_R1_*
[2020-03-08 10:21:38,537] multiqc                                            [WARNING]  MultiQC Version v1.8 now available!
[2020-03-08 10:21:38,537] multiqc                                            [INFO   ]  This is MultiQC v1.7.dev0
[2020-03-08 10:21:38,537] multiqc                                            [DEBUG  ]  Command     : /local/cluster/bin/multiqc input/ -o output/R2 -f --ignore-samples *_R1_*
[2020-03-08 10:21:38,537] multiqc                                            [DEBUG  ]  Working dir : /ssd/gaulkec_temp_ht_meta/data/clean_multiqc
[2020-03-08 10:21:38,537] multiqc                                            [INFO   ]  Template    : default
[2020-03-08 10:21:38,538] multiqc                                            [DEBUG  ]  Ignoring sample names that match: *_R1_*
[2020-03-08 10:21:38,538] multiqc                                            [INFO   ]  Searching 'input/'
[2020-03-08 10:21:38,538] multiqc                                            [DEBUG  ]  Analysing modules: custom_content, conpair, peddy, methylQA, phantompeakqualtools, qualimap, preseq, quast, qorts, rna_seqc, rsem, rseqc, busco, goleft_indexcov, disambiguate, supernova, deeptools, sargasso, verifybamid, mirtrace, happy, homer, macs2, theta2, snpeff, gatk, htseq, bcftools, featureCounts, dedup, picard, prokka, samblaster, samtools, bamtools, jellyfish, vcftools, longranger, bbmap, bismark, biscuit, hicexplorer, hicup, hicpro, salmon, kallisto, slamdunk, star, hisat2, tophat, bowtie2, bowtie1, kat, leehom, adapterRemoval, clipandmerge, cutadapt, flexbar, trimmomatic, skewer, sortmerna, biobloomtools, fastq_screen, afterqc, fastp, fastqc, clusterflow, bcl2fastq, interop
[2020-03-08 10:21:38,551] multiqc                                            [DEBUG  ]  Using temporary directory for creating report: /data/tmpbFuGey
[2020-03-08 10:21:39,470] multiqc                                            [DEBUG  ]  No samples found: custom_content
[2020-03-08 10:21:39,478] multiqc                                            [DEBUG  ]  No samples found: conpair
[2020-03-08 10:21:39,485] multiqc                                            [DEBUG  ]  No samples found: peddy
[2020-03-08 10:21:39,492] multiqc                                            [DEBUG  ]  No samples found: methylQA
[2020-03-08 10:21:39,499] multiqc                                            [DEBUG  ]  No samples found: phantompeakqualtools
[2020-03-08 10:21:39,508] multiqc                                            [DEBUG  ]  No samples found: qualimap
[2020-03-08 10:21:39,515] multiqc                                            [DEBUG  ]  No samples found: preseq
[2020-03-08 10:21:39,522] multiqc                                            [DEBUG  ]  No samples found: quast
[2020-03-08 10:21:39,529] multiqc                                            [DEBUG  ]  No samples found: qorts
[2020-03-08 10:21:39,536] multiqc                                            [DEBUG  ]  No samples found: rna_seqc
[2020-03-08 10:21:39,543] multiqc                                            [DEBUG  ]  No samples found: rsem
[2020-03-08 10:21:39,555] multiqc                                            [DEBUG  ]  No samples found: rseqc
[2020-03-08 10:21:39,562] multiqc                                            [DEBUG  ]  No samples found: busco
[2020-03-08 10:21:39,568] multiqc                                            [DEBUG  ]  No samples found: goleft_indexcov
[2020-03-08 10:21:39,575] multiqc                                            [DEBUG  ]  No samples found: disambiguate
[2020-03-08 10:21:39,583] multiqc                                            [DEBUG  ]  No samples found: supernova
[2020-03-08 10:21:39,592] multiqc                                            [DEBUG  ]  No samples found: deeptools
[2020-03-08 10:21:39,599] multiqc                                            [DEBUG  ]  No samples found: sargasso
[2020-03-08 10:21:39,606] multiqc                                            [DEBUG  ]  No samples found: verifybamid
[2020-03-08 10:21:39,614] multiqc                                            [DEBUG  ]  No samples found: mirtrace
[2020-03-08 10:21:39,621] multiqc                                            [DEBUG  ]  No samples found: happy
[2020-03-08 10:21:39,629] multiqc                                            [DEBUG  ]  No samples found: homer
[2020-03-08 10:21:39,636] multiqc                                            [DEBUG  ]  No samples found: macs2
[2020-03-08 10:21:39,643] multiqc                                            [DEBUG  ]  No samples found: theta2
[2020-03-08 10:21:39,650] multiqc                                            [DEBUG  ]  No samples found: snpeff
[2020-03-08 10:21:39,659] multiqc                                            [DEBUG  ]  No samples found: gatk
[2020-03-08 10:21:39,666] multiqc                                            [DEBUG  ]  No samples found: htseq
[2020-03-08 10:21:39,674] multiqc                                            [DEBUG  ]  No samples found: bcftools
[2020-03-08 10:21:39,681] multiqc                                            [DEBUG  ]  No samples found: featureCounts
[2020-03-08 10:21:39,688] multiqc                                            [DEBUG  ]  No samples found: dedup
[2020-03-08 10:21:39,701] multiqc                                            [DEBUG  ]  No samples found: picard
[2020-03-08 10:21:39,708] multiqc                                            [DEBUG  ]  No samples found: prokka
[2020-03-08 10:21:39,715] multiqc                                            [DEBUG  ]  No samples found: samblaster
[2020-03-08 10:21:39,724] multiqc                                            [DEBUG  ]  No samples found: samtools
[2020-03-08 10:21:39,732] multiqc                                            [DEBUG  ]  No samples found: bamtools
[2020-03-08 10:21:39,739] multiqc                                            [DEBUG  ]  No samples found: jellyfish
[2020-03-08 10:21:39,747] multiqc                                            [DEBUG  ]  No samples found: vcftools
[2020-03-08 10:21:39,754] multiqc                                            [DEBUG  ]  No samples found: longranger
[2020-03-08 10:21:39,767] multiqc                                            [DEBUG  ]  No samples found: bbmap
[2020-03-08 10:21:39,774] multiqc                                            [DEBUG  ]  No samples found: bismark
[2020-03-08 10:21:39,781] multiqc                                            [DEBUG  ]  No samples found: biscuit
[2020-03-08 10:21:39,788] multiqc                                            [DEBUG  ]  No samples found: hicexplorer
[2020-03-08 10:21:39,795] multiqc                                            [DEBUG  ]  No samples found: hicup
[2020-03-08 10:21:39,802] multiqc                                            [DEBUG  ]  No samples found: hicpro
[2020-03-08 10:21:39,809] multiqc                                            [DEBUG  ]  No samples found: salmon
[2020-03-08 10:21:39,816] multiqc                                            [DEBUG  ]  No samples found: kallisto
[2020-03-08 10:21:39,823] multiqc                                            [DEBUG  ]  No samples found: slamdunk
[2020-03-08 10:21:39,831] multiqc                                            [DEBUG  ]  No samples found: star
[2020-03-08 10:21:39,837] multiqc                                            [DEBUG  ]  No samples found: hisat2
[2020-03-08 10:21:39,844] multiqc                                            [DEBUG  ]  No samples found: tophat
[2020-03-08 10:21:39,851] multiqc                                            [DEBUG  ]  No samples found: bowtie2
[2020-03-08 10:21:39,858] multiqc                                            [DEBUG  ]  No samples found: bowtie1
[2020-03-08 10:21:39,865] multiqc                                            [DEBUG  ]  No samples found: kat
[2020-03-08 10:21:39,872] multiqc                                            [DEBUG  ]  No samples found: leehom
[2020-03-08 10:21:39,880] multiqc                                            [DEBUG  ]  No samples found: adapterRemoval
[2020-03-08 10:21:39,887] multiqc                                            [DEBUG  ]  No samples found: clipandmerge
[2020-03-08 10:21:39,894] multiqc                                            [DEBUG  ]  No samples found: cutadapt
[2020-03-08 10:21:39,900] multiqc                                            [DEBUG  ]  No samples found: flexbar
[2020-03-08 10:21:39,908] multiqc                                            [DEBUG  ]  No samples found: trimmomatic
[2020-03-08 10:21:39,915] multiqc                                            [DEBUG  ]  No samples found: skewer
[2020-03-08 10:21:39,922] multiqc                                            [DEBUG  ]  No samples found: sortmerna
[2020-03-08 10:21:39,929] multiqc                                            [DEBUG  ]  No samples found: biobloomtools
[2020-03-08 10:21:39,936] multiqc                                            [DEBUG  ]  No samples found: fastq_screen
[2020-03-08 10:21:39,943] multiqc                                            [DEBUG  ]  No samples found: afterqc
[2020-03-08 10:21:39,950] multiqc                                            [DEBUG  ]  No samples found: fastp
[2020-03-08 10:22:42,073] multiqc.modules.fastqc.fastqc                      [INFO   ]  Found 200 reports
[2020-03-08 10:23:54,884] multiqc                                            [DEBUG  ]  No samples found: clusterflow
[2020-03-08 10:23:54,891] multiqc                                            [DEBUG  ]  No samples found: bcl2fastq
[2020-03-08 10:23:54,898] multiqc                                            [DEBUG  ]  No samples found: interop
[2020-03-08 10:23:55,381] multiqc                                            [INFO   ]  Compressing plot data
[2020-03-08 10:23:55,594] multiqc                                            [INFO   ]  Report      : output/R2/multiqc_report.html
[2020-03-08 10:23:55,594] multiqc                                            [INFO   ]  Data        : output/R2/multiqc_data
[2020-03-08 10:23:55,594] multiqc                                            [DEBUG  ]  Moving data file from '/data/tmpbFuGey/multiqc_data/multiqc_fastqc.txt' to 'output/R2/multiqc_data'
[2020-03-08 10:23:55,595] multiqc                                            [DEBUG  ]  Moving data file from '/data/tmpbFuGey/multiqc_data/mqc_fastqc_adapter_content_plot_1.txt' to 'output/R2/multiqc_data'
[2020-03-08 10:23:55,596] multiqc                                            [DEBUG  ]  Moving data file from '/data/tmpbFuGey/multiqc_data/mqc_fastqc_per_base_sequence_quality_plot_1.txt' to 'output/R2/multiqc_data'
[2020-03-08 10:23:55,596] multiqc                                            [DEBUG  ]  Moving data file from '/data/tmpbFuGey/multiqc_data/multiqc_general_stats.txt' to 'output/R2/multiqc_data'
[2020-03-08 10:23:55,597] multiqc                                            [DEBUG  ]  Moving data file from '/data/tmpbFuGey/multiqc_data/multiqc_data.json' to 'output/R2/multiqc_data'
[2020-03-08 10:23:55,598] multiqc                                            [DEBUG  ]  Moving data file from '/data/tmpbFuGey/multiqc_data/mqc_fastqc_sequence_duplication_levels_plot_1.txt' to 'output/R2/multiqc_data'
[2020-03-08 10:23:55,599] multiqc                                            [DEBUG  ]  Moving data file from '/data/tmpbFuGey/multiqc_data/multiqc_sources.txt' to 'output/R2/multiqc_data'
[2020-03-08 10:23:55,599] multiqc                                            [DEBUG  ]  Moving data file from '/data/tmpbFuGey/multiqc_data/mqc_fastqc_per_sequence_quality_scores_plot_1.txt' to 'output/R2/multiqc_data'
[2020-03-08 10:23:55,600] multiqc                                            [DEBUG  ]  Moving data file from '/data/tmpbFuGey/multiqc_data/mqc_fastqc_per_sequence_gc_content_plot_Percentages.txt' to 'output/R2/multiqc_data'
[2020-03-08 10:23:55,600] multiqc                                            [DEBUG  ]  Moving data file from '/data/tmpbFuGey/multiqc_data/mqc_fastqc_per_base_n_content_plot_1.txt' to 'output/R2/multiqc_data'
[2020-03-08 10:23:55,601] multiqc                                            [DEBUG  ]  Moving data file from '/data/tmpbFuGey/multiqc_data/mqc_fastqc_per_sequence_gc_content_plot_Counts.txt' to 'output/R2/multiqc_data'
[2020-03-08 10:23:55,602] multiqc                                            [DEBUG  ]  Moving data file from '/data/tmpbFuGey/multiqc_data/mqc_fastqc_sequence_counts_plot_1.txt' to 'output/R2/multiqc_data'
[2020-03-08 10:23:55,602] multiqc                                            [DEBUG  ]  Moving data file from '/data/tmpbFuGey/multiqc_data/mqc_fastqc_sequence_length_distribution_plot_1.txt' to 'output/R2/multiqc_data'
[2020-03-08 10:23:55,602] multiqc                                            [DEBUG  ]  Moving data file from '/data/tmpbFuGey/multiqc_data/mqc_fastqc_overrepresented_sequencesi_plot_1.txt' to 'output/R2/multiqc_data'
[2020-03-08 10:23:55,915] multiqc                                            [INFO   ]  MultiQC complete
