[2020-03-08 10:21:23,218] multiqc                                            [DEBUG  ]  No MultiQC config found: /local/cluster/lib/python2.7/site-packages/multiqc_config.yaml
[2020-03-08 10:21:23,218] multiqc                                            [DEBUG  ]  No MultiQC config found: /home/micro/gaulkec/.multiqc_config.yaml
[2020-03-08 10:21:23,219] multiqc                                            [DEBUG  ]  No MultiQC config found: multiqc_config.yaml
[2020-03-08 10:21:23,219] multiqc                                            [DEBUG  ]  Command used: /local/cluster/bin/multiqc input/ -o output/R1 -f --ignore-samples *_R2_*
[2020-03-08 10:21:24,318] multiqc                                            [WARNING]  MultiQC Version v1.8 now available!
[2020-03-08 10:21:24,318] multiqc                                            [INFO   ]  This is MultiQC v1.7.dev0
[2020-03-08 10:21:24,318] multiqc                                            [DEBUG  ]  Command     : /local/cluster/bin/multiqc input/ -o output/R1 -f --ignore-samples *_R2_*
[2020-03-08 10:21:24,319] multiqc                                            [DEBUG  ]  Working dir : /ssd/gaulkec_temp_ht_meta/data/clean_multiqc
[2020-03-08 10:21:24,319] multiqc                                            [INFO   ]  Template    : default
[2020-03-08 10:21:24,319] multiqc                                            [DEBUG  ]  Ignoring sample names that match: *_R2_*
[2020-03-08 10:21:24,319] multiqc                                            [INFO   ]  Searching 'input/'
[2020-03-08 10:21:24,320] multiqc                                            [DEBUG  ]  Analysing modules: custom_content, conpair, peddy, methylQA, phantompeakqualtools, qualimap, preseq, quast, qorts, rna_seqc, rsem, rseqc, busco, goleft_indexcov, disambiguate, supernova, deeptools, sargasso, verifybamid, mirtrace, happy, homer, macs2, theta2, snpeff, gatk, htseq, bcftools, featureCounts, dedup, picard, prokka, samblaster, samtools, bamtools, jellyfish, vcftools, longranger, bbmap, bismark, biscuit, hicexplorer, hicup, hicpro, salmon, kallisto, slamdunk, star, hisat2, tophat, bowtie2, bowtie1, kat, leehom, adapterRemoval, clipandmerge, cutadapt, flexbar, trimmomatic, skewer, sortmerna, biobloomtools, fastq_screen, afterqc, fastp, fastqc, clusterflow, bcl2fastq, interop
[2020-03-08 10:21:24,321] multiqc                                            [DEBUG  ]  Using temporary directory for creating report: /data/tmpTbnt77
[2020-03-08 10:21:25,336] multiqc                                            [DEBUG  ]  No samples found: custom_content
[2020-03-08 10:21:25,346] multiqc                                            [DEBUG  ]  No samples found: conpair
[2020-03-08 10:21:25,354] multiqc                                            [DEBUG  ]  No samples found: peddy
[2020-03-08 10:21:25,362] multiqc                                            [DEBUG  ]  No samples found: methylQA
[2020-03-08 10:21:25,370] multiqc                                            [DEBUG  ]  No samples found: phantompeakqualtools
[2020-03-08 10:21:25,380] multiqc                                            [DEBUG  ]  No samples found: qualimap
[2020-03-08 10:21:25,389] multiqc                                            [DEBUG  ]  No samples found: preseq
[2020-03-08 10:21:25,397] multiqc                                            [DEBUG  ]  No samples found: quast
[2020-03-08 10:21:25,405] multiqc                                            [DEBUG  ]  No samples found: qorts
[2020-03-08 10:21:25,414] multiqc                                            [DEBUG  ]  No samples found: rna_seqc
[2020-03-08 10:21:25,422] multiqc                                            [DEBUG  ]  No samples found: rsem
[2020-03-08 10:21:25,439] multiqc                                            [DEBUG  ]  No samples found: rseqc
[2020-03-08 10:21:25,447] multiqc                                            [DEBUG  ]  No samples found: busco
[2020-03-08 10:21:25,455] multiqc                                            [DEBUG  ]  No samples found: goleft_indexcov
[2020-03-08 10:21:25,463] multiqc                                            [DEBUG  ]  No samples found: disambiguate
[2020-03-08 10:21:25,472] multiqc                                            [DEBUG  ]  No samples found: supernova
[2020-03-08 10:21:25,484] multiqc                                            [DEBUG  ]  No samples found: deeptools
[2020-03-08 10:21:25,493] multiqc                                            [DEBUG  ]  No samples found: sargasso
[2020-03-08 10:21:25,501] multiqc                                            [DEBUG  ]  No samples found: verifybamid
[2020-03-08 10:21:25,509] multiqc                                            [DEBUG  ]  No samples found: mirtrace
[2020-03-08 10:21:25,517] multiqc                                            [DEBUG  ]  No samples found: happy
[2020-03-08 10:21:25,528] multiqc                                            [DEBUG  ]  No samples found: homer
[2020-03-08 10:21:25,536] multiqc                                            [DEBUG  ]  No samples found: macs2
[2020-03-08 10:21:25,544] multiqc                                            [DEBUG  ]  No samples found: theta2
[2020-03-08 10:21:25,552] multiqc                                            [DEBUG  ]  No samples found: snpeff
[2020-03-08 10:21:25,563] multiqc                                            [DEBUG  ]  No samples found: gatk
[2020-03-08 10:21:25,571] multiqc                                            [DEBUG  ]  No samples found: htseq
[2020-03-08 10:21:25,580] multiqc                                            [DEBUG  ]  No samples found: bcftools
[2020-03-08 10:21:25,588] multiqc                                            [DEBUG  ]  No samples found: featureCounts
[2020-03-08 10:21:25,596] multiqc                                            [DEBUG  ]  No samples found: dedup
[2020-03-08 10:21:25,616] multiqc                                            [DEBUG  ]  No samples found: picard
[2020-03-08 10:21:25,624] multiqc                                            [DEBUG  ]  No samples found: prokka
[2020-03-08 10:21:25,632] multiqc                                            [DEBUG  ]  No samples found: samblaster
[2020-03-08 10:21:25,645] multiqc                                            [DEBUG  ]  No samples found: samtools
[2020-03-08 10:21:25,654] multiqc                                            [DEBUG  ]  No samples found: bamtools
[2020-03-08 10:21:25,662] multiqc                                            [DEBUG  ]  No samples found: jellyfish
[2020-03-08 10:21:25,674] multiqc                                            [DEBUG  ]  No samples found: vcftools
[2020-03-08 10:21:25,682] multiqc                                            [DEBUG  ]  No samples found: longranger
[2020-03-08 10:21:25,702] multiqc                                            [DEBUG  ]  No samples found: bbmap
[2020-03-08 10:21:25,710] multiqc                                            [DEBUG  ]  No samples found: bismark
[2020-03-08 10:21:25,718] multiqc                                            [DEBUG  ]  No samples found: biscuit
[2020-03-08 10:21:25,726] multiqc                                            [DEBUG  ]  No samples found: hicexplorer
[2020-03-08 10:21:25,735] multiqc                                            [DEBUG  ]  No samples found: hicup
[2020-03-08 10:21:25,743] multiqc                                            [DEBUG  ]  No samples found: hicpro
[2020-03-08 10:21:25,751] multiqc                                            [DEBUG  ]  No samples found: salmon
[2020-03-08 10:21:25,759] multiqc                                            [DEBUG  ]  No samples found: kallisto
[2020-03-08 10:21:25,767] multiqc                                            [DEBUG  ]  No samples found: slamdunk
[2020-03-08 10:21:25,775] multiqc                                            [DEBUG  ]  No samples found: star
[2020-03-08 10:21:25,783] multiqc                                            [DEBUG  ]  No samples found: hisat2
[2020-03-08 10:21:25,792] multiqc                                            [DEBUG  ]  No samples found: tophat
[2020-03-08 10:21:25,800] multiqc                                            [DEBUG  ]  No samples found: bowtie2
[2020-03-08 10:21:25,808] multiqc                                            [DEBUG  ]  No samples found: bowtie1
[2020-03-08 10:21:25,816] multiqc                                            [DEBUG  ]  No samples found: kat
[2020-03-08 10:21:25,824] multiqc                                            [DEBUG  ]  No samples found: leehom
[2020-03-08 10:21:25,832] multiqc                                            [DEBUG  ]  No samples found: adapterRemoval
[2020-03-08 10:21:25,840] multiqc                                            [DEBUG  ]  No samples found: clipandmerge
[2020-03-08 10:21:25,849] multiqc                                            [DEBUG  ]  No samples found: cutadapt
[2020-03-08 10:21:25,857] multiqc                                            [DEBUG  ]  No samples found: flexbar
[2020-03-08 10:21:25,865] multiqc                                            [DEBUG  ]  No samples found: trimmomatic
[2020-03-08 10:21:25,873] multiqc                                            [DEBUG  ]  No samples found: skewer
[2020-03-08 10:21:25,881] multiqc                                            [DEBUG  ]  No samples found: sortmerna
[2020-03-08 10:21:25,889] multiqc                                            [DEBUG  ]  No samples found: biobloomtools
[2020-03-08 10:21:25,897] multiqc                                            [DEBUG  ]  No samples found: fastq_screen
[2020-03-08 10:21:25,905] multiqc                                            [DEBUG  ]  No samples found: afterqc
[2020-03-08 10:21:25,913] multiqc                                            [DEBUG  ]  No samples found: fastp
[2020-03-08 10:22:29,209] multiqc.modules.fastqc.fastqc                      [INFO   ]  Found 200 reports
[2020-03-08 10:23:43,270] multiqc                                            [DEBUG  ]  No samples found: clusterflow
[2020-03-08 10:23:43,279] multiqc                                            [DEBUG  ]  No samples found: bcl2fastq
[2020-03-08 10:23:43,288] multiqc                                            [DEBUG  ]  No samples found: interop
[2020-03-08 10:23:43,787] multiqc                                            [INFO   ]  Compressing plot data
[2020-03-08 10:23:44,012] multiqc                                            [INFO   ]  Report      : output/R1/multiqc_report.html
[2020-03-08 10:23:44,013] multiqc                                            [INFO   ]  Data        : output/R1/multiqc_data
[2020-03-08 10:23:44,013] multiqc                                            [DEBUG  ]  Moving data file from '/data/tmpTbnt77/multiqc_data/multiqc_fastqc.txt' to 'output/R1/multiqc_data'
[2020-03-08 10:23:44,014] multiqc                                            [DEBUG  ]  Moving data file from '/data/tmpTbnt77/multiqc_data/mqc_fastqc_adapter_content_plot_1.txt' to 'output/R1/multiqc_data'
[2020-03-08 10:23:44,015] multiqc                                            [DEBUG  ]  Moving data file from '/data/tmpTbnt77/multiqc_data/mqc_fastqc_per_base_sequence_quality_plot_1.txt' to 'output/R1/multiqc_data'
[2020-03-08 10:23:44,016] multiqc                                            [DEBUG  ]  Moving data file from '/data/tmpTbnt77/multiqc_data/multiqc_general_stats.txt' to 'output/R1/multiqc_data'
[2020-03-08 10:23:44,016] multiqc                                            [DEBUG  ]  Moving data file from '/data/tmpTbnt77/multiqc_data/multiqc_data.json' to 'output/R1/multiqc_data'
[2020-03-08 10:23:44,017] multiqc                                            [DEBUG  ]  Moving data file from '/data/tmpTbnt77/multiqc_data/mqc_fastqc_sequence_duplication_levels_plot_1.txt' to 'output/R1/multiqc_data'
[2020-03-08 10:23:44,018] multiqc                                            [DEBUG  ]  Moving data file from '/data/tmpTbnt77/multiqc_data/multiqc_sources.txt' to 'output/R1/multiqc_data'
[2020-03-08 10:23:44,019] multiqc                                            [DEBUG  ]  Moving data file from '/data/tmpTbnt77/multiqc_data/mqc_fastqc_per_sequence_quality_scores_plot_1.txt' to 'output/R1/multiqc_data'
[2020-03-08 10:23:44,019] multiqc                                            [DEBUG  ]  Moving data file from '/data/tmpTbnt77/multiqc_data/mqc_fastqc_per_sequence_gc_content_plot_Percentages.txt' to 'output/R1/multiqc_data'
[2020-03-08 10:23:44,020] multiqc                                            [DEBUG  ]  Moving data file from '/data/tmpTbnt77/multiqc_data/mqc_fastqc_per_base_n_content_plot_1.txt' to 'output/R1/multiqc_data'
[2020-03-08 10:23:44,020] multiqc                                            [DEBUG  ]  Moving data file from '/data/tmpTbnt77/multiqc_data/mqc_fastqc_per_sequence_gc_content_plot_Counts.txt' to 'output/R1/multiqc_data'
[2020-03-08 10:23:44,021] multiqc                                            [DEBUG  ]  Moving data file from '/data/tmpTbnt77/multiqc_data/mqc_fastqc_sequence_counts_plot_1.txt' to 'output/R1/multiqc_data'
[2020-03-08 10:23:44,021] multiqc                                            [DEBUG  ]  Moving data file from '/data/tmpTbnt77/multiqc_data/mqc_fastqc_sequence_length_distribution_plot_1.txt' to 'output/R1/multiqc_data'
[2020-03-08 10:23:44,022] multiqc                                            [DEBUG  ]  Moving data file from '/data/tmpTbnt77/multiqc_data/mqc_fastqc_overrepresented_sequencesi_plot_1.txt' to 'output/R1/multiqc_data'
[2020-03-08 10:23:44,331] multiqc                                            [INFO   ]  MultiQC complete
